<?xml version="1.0" encoding="UTF-8"?>
<!-- Generated by org.testng.reporters.JUnitReportReporter -->
<testsuite skipped="0" hostname="MacBook-Pro-di-Fabio.local" name="com.google.Testcases.VerifySearch" tests="2" failures="0" timestamp="08 ott 2019 13:12:53 GMT" time="25.491" errors="0">
  <testcase name="checkSearchEngine" time="10.383" classname="com.google.Testcases.VerifySearch"/>
  <testcase name="checkVirtualKeyboardTool" time="15.108" classname="com.google.Testcases.VerifySearch"/>
</testsuite> <!-- com.google.Testcases.VerifySearch -->
