<?xml version="1.0" encoding="UTF-8"?>
<!-- Generated by org.testng.reporters.JUnitReportReporter -->
<testsuite skipped="0" hostname="MacBook-Pro-di-Fabio.local" name="com.google.Testcases.VerifySearch" tests="2" failures="0" timestamp="2019-10-04T17:26:36 CEST" time="24.882" errors="0">
  <testcase name="checkSearchEngine" time="9.812" classname="com.google.Testcases.VerifySearch"/>
  <testcase name="checkVirtualKeyboardTool" time="15.070" classname="com.google.Testcases.VerifySearch"/>
</testsuite> <!-- com.google.Testcases.VerifySearch -->
