<?xml version="1.0" encoding="UTF-8"?>
<!-- Generated by org.testng.reporters.JUnitReportReporter -->
<testsuite skipped="0" hostname="MacBook-Pro-di-Fabio.local" name="com.Spec888.TestCases.VerifySearch" tests="2" failures="0" timestamp="08 ott 2019 17:16:37 GMT" time="29.524" errors="0">
  <testcase name="checkSearchEngine" time="10.652" classname="com.Spec888.TestCases.VerifySearch"/>
  <testcase name="checkVirtualKeyboardTool" time="18.872" classname="com.Spec888.TestCases.VerifySearch"/>
</testsuite> <!-- com.Spec888.TestCases.VerifySearch -->
